<?xml version="1.0" encoding="UTF-8"?>
<!-- Generated by org.testng.reporters.JUnitXMLReporter -->
<testsuite hostname="DESKTOP-FGS4TB6" ignored="0" name="Testrunner_2" tests="1" failures="0" timestamp="15 Sep 2021 07:41:30 GMT" time="0.094" errors="0">
  <testcase name="@BeforeClass launchBrowser" time="0.0" classname="com.crm.autodesk.GenericUtils.BaseClass">
    <failure type="org.testng.TestNGException" message="
Parameter &amp;apos;Browser&amp;apos; is required by BeforeClass on method launchBrowser but has not been marked @Optional or defined
in E:\OCSM14\SeleniumProject_Maven\testng_DistrubtedParallel.xml">
      <![CDATA[org.testng.TestNGException: 
Parameter 'Browser' is required by BeforeClass on method launchBrowser but has not been marked @Optional or defined
in E:\OCSM14\SeleniumProject_Maven\testng_DistrubtedParallel.xml
at java.util.concurrent.FutureTask.run(Unknown Source)
at java.util.concurrent.ThreadPoolExecutor.runWorker(Unknown Source)
at java.util.concurrent.ThreadPoolExecutor$Worker.run(Unknown Source)
at java.lang.Thread.run(Unknown Source)
... Removed 14 stack frames]]>
    </failure>
  </testcase> <!-- @BeforeClass launchBrowser -->
  <testcase name="@BeforeClass launchBrowser" time="0.0" classname="com.crm.autodesk.GenericUtils.BaseClass">
    <failure type="org.testng.TestNGException" message="
Parameter &amp;apos;Browser&amp;apos; is required by BeforeClass on method launchBrowser but has not been marked @Optional or defined
in E:\OCSM14\SeleniumProject_Maven\testng_DistrubtedParallel.xml">
      <![CDATA[org.testng.TestNGException: 
Parameter 'Browser' is required by BeforeClass on method launchBrowser but has not been marked @Optional or defined
in E:\OCSM14\SeleniumProject_Maven\testng_DistrubtedParallel.xml
at java.util.concurrent.FutureTask.run(Unknown Source)
at java.util.concurrent.ThreadPoolExecutor.runWorker(Unknown Source)
at java.util.concurrent.ThreadPoolExecutor$Worker.run(Unknown Source)
at java.lang.Thread.run(Unknown Source)
... Removed 14 stack frames]]>
    </failure>
  </testcase> <!-- @BeforeClass launchBrowser -->
  <testcase name="@BeforeMethod loginToApp" time="0.0" classname="com.crm.autodesk.GenericUtils.BaseClass">
    <skipped/>
  </testcase> <!-- @BeforeMethod loginToApp -->
  <testcase name="@BeforeMethod loginToApp" time="0.0" classname="com.crm.autodesk.GenericUtils.BaseClass">
    <skipped/>
  </testcase> <!-- @BeforeMethod loginToApp -->
  <testcase name="@AfterMethod logoutofApp" time="0.0" classname="com.crm.autodesk.GenericUtils.BaseClass">
    <skipped/>
  </testcase> <!-- @AfterMethod logoutofApp -->
  <testcase name="@AfterClass closeBrowser" time="0.0" classname="com.crm.autodesk.GenericUtils.BaseClass">
    <skipped/>
  </testcase> <!-- @AfterClass closeBrowser -->
  <testcase name="@AfterMethod logoutofApp" time="0.0" classname="com.crm.autodesk.GenericUtils.BaseClass">
    <skipped/>
  </testcase> <!-- @AfterMethod logoutofApp -->
  <testcase name="@AfterClass closeBrowser" time="0.0" classname="com.crm.autodesk.GenericUtils.BaseClass">
    <skipped/>
  </testcase> <!-- @AfterClass closeBrowser -->
  <testcase name="createContactWithoutLastName" time="0.0" classname="com.crm.Assignments.TC_01_CreateContactWithoutLastNameTest">
    <skipped/>
  </testcase> <!-- createContactWithoutLastName -->
</testsuite> <!-- Testrunner_2 -->
